{"name": "test_open_search_not_found", "status": "failed", "statusDetails": {"message": "AssertionError", "trace": "self = <Sellenium.browserTest.Test_URL_Chrome object at 0x041A7AA8>\n\n    def test_open_search_not_found(self):\n        self.driver.get(\"https://www.google.com/\")\n        elem = self.driver.find_element_by_name(\"q\")\n    \n        try:\n            assert \"Google\" in self.driver.title\n            print(\"assertion on title passed\")\n        except Exception as e:\n            print(\"assertion on title failed! \" + str(e))\n    \n        elem.send_keys(\"qwpoeoiriut\")\n        elem.send_keys(Keys.RETURN)\n>       assert \"לא נמצאו פריטים שכוללים את כל מונחי החיפוש של\" not in self.driver.page_source\nE       AssertionError\n\nbrowserTest.py:104: AssertionError"}, "start": 1594279334218, "stop": 1594279336454, "uuid": "b7f715ce-468b-4f82-bcd4-82cfdb0ce377", "historyId": "d7475d9871d472da5a6b16294b127a70", "testCaseId": "07287c7557023248da7e2556868964d1", "fullName": "browserTest.Test_URL_Chrome#test_open_search_not_found", "labels": [{"name": "tag", "value": "@pytest.mark.usefixtures('chrome_driver_init')"}, {"name": "suite", "value": "browserTest"}, {"name": "subSuite", "value": "Test_URL_Chrome"}, {"name": "host", "value": "T-P-YOSEFEV-WW"}, {"name": "thread", "value": "23192-MainThread"}, {"name": "framework", "value": "pytest"}, {"name": "language", "value": "cpython3"}, {"name": "package", "value": "browserTest"}]}